	(HOPDATA , 0 , dtn://v012)
	(GEODATA , 0 , (41.9252 , -73.6902))
	(GEODATA , 0 , (41.9252 , -73.6578))
	(GEODATA , 0 , (41.9252 , -73.6116))
	(GEODATA , 0 , (41.9252 , -73.6347))
	(GEODATA , 0 , (41.9252 , -73.6809))
	(GEODATA , 0 , (41.9252 , -73.6671))
	(GEODATA , 0 , (41.9252 , -73.6208))
	(GEODATA , 0 , (41.9252 , -73.6255))
	(GEODATA , 0 , (41.9252 , -73.6717))
	(GEODATA , 0 , (41.9252 , -73.6763))
	(GEODATA , 0 , (41.9252 , -73.6301))
	(GEODATA , 0 , (41.9252 , -73.6162))
	(GEODATA , 0 , (41.9252 , -73.6624))
	(GEODATA , 0 , (41.9252 , -73.6855))
	(GEODATA , 0 , (41.9252 , -73.6409))
	(GEODATA , 0 , (41.9252 , -73.607))
	(GEODATA , 0 , (41.9252 , -73.6532))
	(GEODATA , 0 , (41.9252 , -73.6948))
	(GEODATA , 0 , (41.9252 , -73.6501))
	(GEODATA , 0 , (41.9252 , -73.6039))
	(GEODATA , 0 , (41.9252 , -73.644))
	(GEODATA , 0 , (41.9252 , -73.6887))
	(GEODATA , 0 , (41.9252 , -73.6594))
	(GEODATA , 0 , (41.9252 , -73.6131))
	(GEODATA , 0 , (41.9252 , -73.6347))
	(GEODATA , 0 , (41.9252 , -73.6794))
	(GEODATA , 0 , (41.9252 , -73.6686))
	(GEODATA , 0 , (41.9252 , -73.6224))
	(GEODATA , 0 , (41.9252 , -73.6239))
	(GEODATA , 0 , (41.9252 , -73.6702))
	(GEODATA , 0 , (41.9252 , -73.6779))
	(GEODATA , 0 , (41.9252 , -73.6316))
	(GEODATA , 0 , (41.9252 , -73.6147))
	(GEODATA , 0 , (41.9252 , -73.6609))
	(GEODATA , 0 , (41.9252 , -73.6871))
	(GEODATA , 0 , (41.9252 , -73.6409))
	(GEODATA , 0 , (41.9252 , -73.6054))
	(GEODATA , 0 , (41.9252 , -73.6517))
	(GEODATA , 0 , (41.9252 , -73.6964))
	(GEODATA , 0 , (41.9252 , -73.6501))
	(GEODATA , 0 , (41.9252 , -73.6054))
	(GEODATA , 0 , (41.9252 , -73.6424))
	(GEODATA , 0 , (41.9252 , -73.6887))
	(GEODATA , 0 , (41.9252 , -73.6609))
	(GEODATA , 0 , (41.9252 , -73.6147))
	(GEODATA , 0 , (41.9252 , -73.6332))
	(GEODATA , 0 , (41.9252 , -73.6794))
	(GEODATA , 0 , (41.9252 , -73.6702))
	(GEODATA , 0 , (41.9252 , -73.6239))
	(HOPDATA , 0 , dtn://v011)
	(GEODATA , 0 , (41.967 , -73.6259))
	(GEODATA , 0 , (41.9886 , -73.6409))
	(GEODATA , 0 , (42.0102 , -73.6576))
	(GEODATA , 0 , (41.9994 , -73.649))
	(GEODATA , 0 , (41.9778 , -73.6332))
	(GEODATA , 0 , (41.9562 , -73.6189))
	(GEODATA , 0 , (41.9346 , -73.606))
	(GEODATA , 0 , (41.9368 , -73.6073))
	(GEODATA , 0 , (41.9584 , -73.6203))
	(GEODATA , 0 , (41.98 , -73.6347))
	(GEODATA , 0 , (42.0016 , -73.6507))
	(GEODATA , 0 , (42.0081 , -73.6558))
	(GEODATA , 0 , (41.9865 , -73.6393))
	(GEODATA , 0 , (41.9649 , -73.6245))
	(GEODATA , 0 , (41.944 , -73.6115))
	(GEODATA , 0 , (41.9281 , -73.6024))
	(GEODATA , 0 , (41.9497 , -73.6149))
	(GEODATA , 0 , (41.9713 , -73.6288))
	(GEODATA , 0 , (41.9922 , -73.6436))
	(GEODATA , 0 , (42.0138 , -73.6605))
	(GEODATA , 0 , (41.9951 , -73.6457))
	(GEODATA , 0 , (41.9735 , -73.6302))
	(GEODATA , 0 , (41.9526 , -73.6167))
	(GEODATA , 0 , (41.931 , -73.604))
	(GEODATA , 0 , (41.9411 , -73.6098))
	(GEODATA , 0 , (41.962 , -73.6226))
	(GEODATA , 0 , (41.9836 , -73.6372))
	(GEODATA , 0 , (42.0052 , -73.6535))
	(GEODATA , 0 , (42.0037 , -73.6524))
	(GEODATA , 0 , (41.9829 , -73.6367))
	(GEODATA , 0 , (41.9613 , -73.6221))
	(GEODATA , 0 , (41.9397 , -73.6089))
	(GEODATA , 0 , (41.9317 , -73.6044))
	(GEODATA , 0 , (41.9533 , -73.6171))
	(GEODATA , 0 , (41.9749 , -73.6312))
	(GEODATA , 0 , (41.9965 , -73.6468))
	(GEODATA , 0 , (42.0131 , -73.6599))
	(GEODATA , 0 , (41.9915 , -73.643))
	(GEODATA , 0 , (41.9699 , -73.6278))
	(GEODATA , 0 , (41.9483 , -73.614))
	(GEODATA , 0 , (41.9274 , -73.602))
	(GEODATA , 0 , (41.9447 , -73.6119))
	(GEODATA , 0 , (41.9663 , -73.6254))
	(GEODATA , 0 , (41.9879 , -73.6404))
	(GEODATA , 0 , (42.0088 , -73.6564))
	(GEODATA , 0 , (42.0001 , -73.6496))
	(GEODATA , 0 , (41.9785 , -73.6337))
	(GEODATA , 0 , (41.9577 , -73.6198))
	(GEODATA , 0 , (41.9361 , -73.6068))
	(GEODATA , 0 , (41.9361 , -73.6068))
	(GEODATA , 0 , (41.9577 , -73.6198))
	(GEODATA , 0 , (41.9785 , -73.6337))
	(GEODATA , 0 , (42.0001 , -73.6496))
	(HOPDATA , 0 , dtn://v008)
	(GEODATA , 0 , (42.0153 , -73.616))
	(GEODATA , 0 , (42.0153 , -73.5582))
	(GEODATA , 0 , (42.0153 , -73.6422))
	(GEODATA , 0 , (42.0153 , -73.6002))
	(GEODATA , 0 , (42.0153 , -73.574))
	(GEODATA , 0 , (42.0153 , -73.658))
	(GEODATA , 0 , (42.0153 , -73.5815))
	(GEODATA , 0 , (42.0153 , -73.5899))
	(GEODATA , 0 , (42.0153 , -73.6496))
	(GEODATA , 0 , (42.0153 , -73.5656))
	(GEODATA , 0 , (42.0153 , -73.6086))
	(GEODATA , 0 , (42.0153 , -73.6337))
	(GEODATA , 0 , (42.0153 , -73.5497))
	(GEODATA , 0 , (42.0153 , -73.6244))
	(GEODATA , 0 , (42.0153 , -73.6179))
	(GEODATA , 0 , (42.0153 , -73.5563))
	(GEODATA , 0 , (42.0153 , -73.6403))
	(GEODATA , 0 , (42.0153 , -73.5992))
	(GEODATA , 0 , (42.0153 , -73.5721))
	(GEODATA , 0 , (42.0153 , -73.6561))
	(GEODATA , 0 , (42.0153 , -73.5833))
	(GEODATA , 0 , (42.0153 , -73.588))
	(GEODATA , 0 , (42.0153 , -73.6515))
	(GEODATA , 0 , (42.0153 , -73.5675))
	(GEODATA , 0 , (42.0153 , -73.6067))
	(GEODATA , 0 , (42.0153 , -73.6356))
	(GEODATA , 0 , (42.0153 , -73.5516))
	(GEODATA , 0 , (42.0153 , -73.6226))
	(GEODATA , 0 , (42.0153 , -73.6198))
	(GEODATA , 0 , (42.0153 , -73.5544))
	(GEODATA , 0 , (42.0153 , -73.6384))
	(GEODATA , 0 , (42.0153 , -73.6011))
	(GEODATA , 0 , (42.0153 , -73.5703))
	(GEODATA , 0 , (42.0153 , -73.6543))
	(GEODATA , 0 , (42.0153 , -73.5852))
	(GEODATA , 0 , (42.0153 , -73.589))
	(GEODATA , 0 , (42.0153 , -73.6533))
	(GEODATA , 0 , (42.0153 , -73.5694))
	(GEODATA , 0 , (42.0153 , -73.6048))
	(GEODATA , 0 , (42.0153 , -73.6347))
	(GEODATA , 0 , (42.0153 , -73.5535))
	(GEODATA , 0 , (42.0153 , -73.6207))
	(GEODATA , 0 , (42.0153 , -73.6188))
	(GEODATA , 0 , (42.0153 , -73.5526))
	(GEODATA , 0 , (42.0153 , -73.6365))
	(GEODATA , 0 , (42.0153 , -73.6029))
	(GEODATA , 0 , (42.0153 , -73.5712))
	(GEODATA , 0 , (42.0153 , -73.6524))
	(GEODATA , 0 , (42.0153 , -73.5871))
	(GEODATA , 0 , (42.0153 , -73.5871))
	(GEODATA , 0 , (42.0153 , -73.6524))
	(GEODATA , 0 , (42.0153 , -73.5712))
	(GEODATA , 0 , (42.0153 , -73.6029))
	(GEODATA , 0 , (42.0153 , -73.6365))
	(GEODATA , 0 , (42.0153 , -73.5526))
	(HOPDATA , 0 , dtn://v007)
	(GEODATA , 0 , (42.0426 , -73.5615))
	(GEODATA , 0 , (42.0203 , -73.5479))
	(GEODATA , 0 , (42.0527 , -73.5682))
	(GEODATA , 0 , (42.0365 , -73.5576))
	(GEODATA , 0 , (42.0264 , -73.5515))
	(GEODATA , 0 , (42.0588 , -73.5725))
	(GEODATA , 0 , (42.0293 , -73.5532))
	(GEODATA , 0 , (42.0326 , -73.5552))
	(GEODATA , 0 , (42.0556 , -73.5702))
	(GEODATA , 0 , (42.0232 , -73.5496))
	(GEODATA , 0 , (42.0387 , -73.559))
	(GEODATA , 0 , (42.0495 , -73.566))
	(GEODATA , 0 , (42.0171 , -73.5461))
	(GEODATA , 0 , (42.0459 , -73.5636))
	(GEODATA , 0 , (42.0434 , -73.562))
	(GEODATA , 0 , (42.0196 , -73.5475))
	(GEODATA , 0 , (42.052 , -73.5677))
	(GEODATA , 0 , (42.0362 , -73.5574))
	(GEODATA , 0 , (42.0257 , -73.5511))
	(GEODATA , 0 , (42.0581 , -73.572))
	(GEODATA , 0 , (42.03 , -73.5536))
	(GEODATA , 0 , (42.0318 , -73.5547))
	(GEODATA , 0 , (42.0563 , -73.5707))
	(GEODATA , 0 , (42.0239 , -73.55))
	(GEODATA , 0 , (42.039 , -73.5592))
	(GEODATA , 0 , (42.0502 , -73.5665))
	(GEODATA , 0 , (42.0178 , -73.5465))
	(GEODATA , 0 , (42.0452 , -73.5632))
	(GEODATA , 0 , (42.0441 , -73.5624))
	(GEODATA , 0 , (42.0189 , -73.5471))
	(GEODATA , 0 , (42.0513 , -73.5672))
	(GEODATA , 0 , (42.0369 , -73.5579))
	(GEODATA , 0 , (42.025 , -73.5507))
	(GEODATA , 0 , (42.0574 , -73.5715))
	(GEODATA , 0 , (42.0308 , -73.5541))
	(GEODATA , 0 , (42.0322 , -73.555))
	(GEODATA , 0 , (42.057 , -73.5712))
	(GEODATA , 0 , (42.0246 , -73.5504))
	(GEODATA , 0 , (42.0383 , -73.5588))
	(GEODATA , 0 , (42.0498 , -73.5663))
	(GEODATA , 0 , (42.0185 , -73.5469))
	(GEODATA , 0 , (42.0444 , -73.5627))
	(GEODATA , 0 , (42.0437 , -73.5622))
	(GEODATA , 0 , (42.0182 , -73.5467))
	(GEODATA , 0 , (42.0506 , -73.5668))
	(GEODATA , 0 , (42.0376 , -73.5583))
	(GEODATA , 0 , (42.0254 , -73.5509))
	(GEODATA , 0 , (42.0567 , -73.571))
	(GEODATA , 0 , (42.0315 , -73.5545))
	(GEODATA , 0 , (42.0315 , -73.5545))
	(GEODATA , 0 , (42.0567 , -73.571))
	(GEODATA , 0 , (42.0254 , -73.5509))
	(GEODATA , 0 , (42.0376 , -73.5583))
	(GEODATA , 0 , (42.0506 , -73.5668))
	(GEODATA , 0 , (42.0182 , -73.5467))
	(GEODATA , 0 , (42.0437 , -73.5622))
	(HOPDATA , 0 , dtn://v006)
	(GEODATA , 0 , (42.0603 , -73.5222))
	(GEODATA , 0 , (42.0603 , -73.4573))
	(GEODATA , 0 , (42.0603 , -73.5515))
	(GEODATA , 0 , (42.0603 , -73.5044))
	(GEODATA , 0 , (42.0603 , -73.4751))
	(GEODATA , 0 , (42.0603 , -73.5693))
	(GEODATA , 0 , (42.0603 , -73.4835))
	(GEODATA , 0 , (42.0603 , -73.4929))
	(GEODATA , 0 , (42.0603 , -73.5599))
	(GEODATA , 0 , (42.0603 , -73.4657))
	(GEODATA , 0 , (42.0603 , -73.5107))
	(GEODATA , 0 , (42.0603 , -73.5421))
	(GEODATA , 0 , (42.0603 , -73.4479))
	(GEODATA , 0 , (42.0603 , -73.5316))
	(GEODATA , 0 , (42.0603 , -73.5243))
	(GEODATA , 0 , (42.0603 , -73.4552))
	(GEODATA , 0 , (42.0603 , -73.5494))
	(GEODATA , 0 , (42.0603 , -73.5034))
	(GEODATA , 0 , (42.0603 , -73.473))
	(GEODATA , 0 , (42.0603 , -73.5672))
	(GEODATA , 0 , (42.0603 , -73.4856))
	(GEODATA , 0 , (42.0603 , -73.4908))
	(GEODATA , 0 , (42.0603 , -73.562))
	(GEODATA , 0 , (42.0603 , -73.4678))
	(GEODATA , 0 , (42.0603 , -73.5117))
	(GEODATA , 0 , (42.0603 , -73.5442))
	(GEODATA , 0 , (42.0603 , -73.45))
	(GEODATA , 0 , (42.0603 , -73.5295))
	(GEODATA , 0 , (42.0603 , -73.5264))
	(GEODATA , 0 , (42.0603 , -73.4531))
	(GEODATA , 0 , (42.0603 , -73.5473))
	(GEODATA , 0 , (42.0603 , -73.5055))
	(GEODATA , 0 , (42.0603 , -73.4709))
	(GEODATA , 0 , (42.0603 , -73.5651))
	(GEODATA , 0 , (42.0603 , -73.4877))
	(GEODATA , 0 , (42.0603 , -73.4919))
	(GEODATA , 0 , (42.0603 , -73.5641))
	(GEODATA , 0 , (42.0603 , -73.4699))
	(GEODATA , 0 , (42.0603 , -73.5096))
	(GEODATA , 0 , (42.0603 , -73.5432))
	(GEODATA , 0 , (42.0603 , -73.4521))
	(GEODATA , 0 , (42.0603 , -73.5275))
	(GEODATA , 0 , (42.0603 , -73.5254))
	(GEODATA , 0 , (42.0603 , -73.451))
	(GEODATA , 0 , (42.0603 , -73.5452))
	(GEODATA , 0 , (42.0603 , -73.5076))
	(GEODATA , 0 , (42.0603 , -73.472))
	(GEODATA , 0 , (42.0603 , -73.563))
	(GEODATA , 0 , (42.0603 , -73.4898))
	(GEODATA , 0 , (42.0603 , -73.4898))
	(GEODATA , 0 , (42.0603 , -73.563))
	(GEODATA , 0 , (42.0603 , -73.472))
	(GEODATA , 0 , (42.0603 , -73.5076))
	(GEODATA , 0 , (42.0603 , -73.5452))
	(GEODATA , 0 , (42.0603 , -73.451))
	(GEODATA , 0 , (42.0603 , -73.5254))
	(GEODATA , 0 , (42.0603 , -73.5275))
	(HOPDATA , 0 , dtn://v003)
	(GEODATA , 0 , (42.0329 , -73.4336))
	(GEODATA , 0 , (42.0552 , -73.4409))
	(GEODATA , 0 , (42.0228 , -73.4306))
	(GEODATA , 0 , (41.9915 , -73.4222))
	(GEODATA , 0 , (41.9814 , -73.4198))
	(GEODATA , 0 , (42.0138 , -73.4281))
	(GEODATA , 0 , (42.0462 , -73.4379))
	(GEODATA , 0 , (42.043 , -73.4368))
	(GEODATA , 0 , (42.0106 , -73.4272))
	(GEODATA , 0 , (41.9782 , -73.419))
	(GEODATA , 0 , (41.9947 , -73.423))
	(GEODATA , 0 , (42.0261 , -73.4316))
	(GEODATA , 0 , (42.0585 , -73.442))
	(GEODATA , 0 , (42.0297 , -73.4326))
	(GEODATA , 0 , (41.9983 , -73.424))
	(GEODATA , 0 , (41.9746 , -73.4182))
	(GEODATA , 0 , (42.007 , -73.4262))
	(GEODATA , 0 , (42.0394 , -73.4356))
	(GEODATA , 0 , (42.0498 , -73.4391))
	(GEODATA , 0 , (42.0174 , -73.4291))
	(GEODATA , 0 , (41.985 , -73.4207))
	(GEODATA , 0 , (41.9868 , -73.4211))
	(GEODATA , 0 , (42.0192 , -73.4296))
	(GEODATA , 0 , (42.0516 , -73.4397))
	(GEODATA , 0 , (42.0365 , -73.4347))
	(GEODATA , 0 , (42.0052 , -73.4257))
	(GEODATA , 0 , (41.9728 , -73.4178))
	(GEODATA , 0 , (42.0001 , -73.4244))
	(GEODATA , 0 , (42.0326 , -73.4335))
	(GEODATA , 0 , (42.0567 , -73.4414))
	(GEODATA , 0 , (42.0243 , -73.431))
	(GEODATA , 0 , (41.9919 , -73.4223))
	(GEODATA , 0 , (41.98 , -73.4195))
	(GEODATA , 0 , (42.0124 , -73.4277))
	(GEODATA , 0 , (42.0448 , -73.4374))
	(GEODATA , 0 , (42.0434 , -73.4369))
	(GEODATA , 0 , (42.012 , -73.4276))
	(GEODATA , 0 , (41.9796 , -73.4194))
	(GEODATA , 0 , (41.9933 , -73.4227))
	(GEODATA , 0 , (42.0257 , -73.4315))
	(GEODATA , 0 , (42.057 , -73.4415))
	(GEODATA , 0 , (42.0311 , -73.4331))
	(GEODATA , 0 , (41.9987 , -73.424))
	(GEODATA , 0 , (41.9731 , -73.4179))
	(GEODATA , 0 , (42.0056 , -73.4258))
	(GEODATA , 0 , (42.038 , -73.4352))
	(GEODATA , 0 , (42.0502 , -73.4392))
	(GEODATA , 0 , (42.0189 , -73.4295))
	(GEODATA , 0 , (41.9865 , -73.421))
	(GEODATA , 0 , (41.9865 , -73.421))
	(GEODATA , 0 , (42.0189 , -73.4295))
	(GEODATA , 0 , (42.0502 , -73.4392))
	(GEODATA , 0 , (42.038 , -73.4352))
	(GEODATA , 0 , (42.0056 , -73.4258))
	(GEODATA , 0 , (41.9731 , -73.4179))
	(GEODATA , 0 , (41.9987 , -73.424))
	(GEODATA , 0 , (42.0311 , -73.4331))
	(GEODATA , 0 , (42.057 , -73.4415))
	(GEODATA , 0 , (42.0246 , -73.4312))
	(GEODATA , 0 , (41.9933 , -73.4227))
	(HOPDATA , 0 , dtn://v002)
	(GEODATA , 0 , (41.9703 , -73.4126))
	(GEODATA , 0 , (41.9703 , -73.3557))
	(GEODATA , 0 , (41.9703 , -73.3249))
	(GEODATA , 0 , (41.9703 , -73.3799))
	(GEODATA , 0 , (41.9703 , -73.3976))
	(GEODATA , 0 , (41.9703 , -73.3407))
	(GEODATA , 0 , (41.9703 , -73.3399))
	(GEODATA , 0 , (41.9703 , -73.3949))
	(GEODATA , 0 , (41.9703 , -73.3827))
	(GEODATA , 0 , (41.9703 , -73.3257))
	(GEODATA , 0 , (41.9703 , -73.3548))
	(GEODATA , 0 , (41.9703 , -73.4099))
	(GEODATA , 0 , (41.9703 , -73.3677))
	(GEODATA , 0 , (41.9703 , -73.3129))
	(GEODATA , 0 , (41.9703 , -73.3679))
	(GEODATA , 0 , (41.9703 , -73.4096))
	(GEODATA , 0 , (41.9703 , -73.3527))
	(GEODATA , 0 , (41.9703 , -73.3279))
	(GEODATA , 0 , (41.9703 , -73.3829))
	(GEODATA , 0 , (41.9703 , -73.3947))
	(GEODATA , 0 , (41.9703 , -73.3378))
	(GEODATA , 0 , (41.9703 , -73.3428))
	(GEODATA , 0 , (41.9703 , -73.3978))
	(GEODATA , 0 , (41.9703 , -73.3797))
	(GEODATA , 0 , (41.9703 , -73.3228))
	(GEODATA , 0 , (41.9703 , -73.3559))
	(GEODATA , 0 , (41.9703 , -73.4128))
	(GEODATA , 0 , (41.9703 , -73.3647))
	(GEODATA , 0 , (41.9703 , -73.3158))
	(GEODATA , 0 , (41.9703 , -73.3708))
	(GEODATA , 0 , (41.9703 , -73.4067))
	(GEODATA , 0 , (41.9703 , -73.3498))
	(GEODATA , 0 , (41.9703 , -73.3289))
	(GEODATA , 0 , (41.9703 , -73.3858))
	(GEODATA , 0 , (41.9703 , -73.3917))
	(GEODATA , 0 , (41.9703 , -73.3348))
	(GEODATA , 0 , (41.9703 , -73.3439))
	(GEODATA , 0 , (41.9703 , -73.4008))
	(GEODATA , 0 , (41.9703 , -73.3768))
	(GEODATA , 0 , (41.9703 , -73.3198))
	(GEODATA , 0 , (41.9703 , -73.3588))
	(GEODATA , 0 , (41.9703 , -73.4158))
	(GEODATA , 0 , (41.9703 , -73.3618))
	(GEODATA , 0 , (41.9703 , -73.3188))
	(GEODATA , 0 , (41.9703 , -73.3738))
	(GEODATA , 0 , (41.9703 , -73.4037))
	(GEODATA , 0 , (41.9703 , -73.3468))
	(GEODATA , 0 , (41.9703 , -73.3337))
	(GEODATA , 0 , (41.9703 , -73.3888))
	(GEODATA , 0 , (41.9703 , -73.3888))
	(GEODATA , 0 , (41.9703 , -73.3318))
	(GEODATA , 0 , (41.9703 , -73.3468))
	(GEODATA , 0 , (41.9703 , -73.4037))
	(GEODATA , 0 , (41.9703 , -73.3738))
	(GEODATA , 0 , (41.9703 , -73.3169))
	(GEODATA , 0 , (41.9703 , -73.3618))
	(GEODATA , 0 , (41.9703 , -73.4158))
	(GEODATA , 0 , (41.9703 , -73.3588))
	(GEODATA , 0 , (41.9703 , -73.3217))
	(GEODATA , 0 , (41.9703 , -73.3768))
	(GEODATA , 0 , (41.9703 , -73.4008))
	(GEODATA , 0 , (41.9703 , -73.3439))
