	(HOPDATA , 0 , dtn://v001)
	(GEODATA , 0 , (41.9487 , -73.3118))
	(GEODATA , 0 , (41.9609 , -73.3118))
	(GEODATA , 0 , (41.9675 , -73.3118))
	(GEODATA , 0 , (41.9557 , -73.3118))
	(GEODATA , 0 , (41.9436 , -73.3118))
	(GEODATA , 0 , (41.9314 , -73.3118))
	(GEODATA , 0 , (41.9312 , -73.3118))
	(GEODATA , 0 , (41.943 , -73.3118))
	(GEODATA , 0 , (41.9551 , -73.3118))
	(HOPDATA , 0 , dtn://v002)
	(GEODATA , 0 , (41.9703 , -73.4126))
	(GEODATA , 0 , (41.9703 , -73.3557))
	(GEODATA , 0 , (41.9703 , -73.3249))
	(GEODATA , 0 , (41.9703 , -73.3799))
	(GEODATA , 0 , (41.9703 , -73.3976))
	(GEODATA , 0 , (41.9703 , -73.3407))
	(GEODATA , 0 , (41.9703 , -73.3399))
	(GEODATA , 0 , (41.9703 , -73.3949))
	(GEODATA , 0 , (41.9703 , -73.3827))
	(GEODATA , 0 , (41.9703 , -73.3257))
	(GEODATA , 0 , (41.9703 , -73.3548))
	(GEODATA , 0 , (41.9703 , -73.4099))
	(GEODATA , 0 , (41.9703 , -73.3677))
	(GEODATA , 0 , (41.9703 , -73.3129))
	(GEODATA , 0 , (41.9703 , -73.3679))
	(HOPDATA , 0 , dtn://v003)
	(GEODATA , 0 , (42.0329 , -73.4336))
	(GEODATA , 0 , (42.0552 , -73.4409))
	(GEODATA , 0 , (42.0228 , -73.4306))
	(GEODATA , 0 , (41.9915 , -73.4222))
	(GEODATA , 0 , (41.9814 , -73.4198))
	(GEODATA , 0 , (42.0138 , -73.4281))
	(GEODATA , 0 , (42.0462 , -73.4379))
	(GEODATA , 0 , (42.043 , -73.4368))
	(GEODATA , 0 , (42.0106 , -73.4272))
	(GEODATA , 0 , (41.9782 , -73.419))
	(GEODATA , 0 , (41.9947 , -73.423))
	(GEODATA , 0 , (42.0261 , -73.4316))
	(GEODATA , 0 , (42.0585 , -73.442))
	(GEODATA , 0 , (42.0297 , -73.4326))
	(GEODATA , 0 , (41.9983 , -73.424))
	(GEODATA , 0 , (41.9746 , -73.4182))
	(GEODATA , 0 , (42.007 , -73.4262))
	(GEODATA , 0 , (42.0394 , -73.4356))
	(GEODATA , 0 , (42.0498 , -73.4391))
	(GEODATA , 0 , (42.0174 , -73.4291))
	(GEODATA , 0 , (41.985 , -73.4207))
	(GEODATA , 0 , (41.9868 , -73.4211))
	(GEODATA , 0 , (42.0192 , -73.4296))
	(HOPDATA , 0 , dtn://v006)
	(GEODATA , 0 , (42.0603 , -73.5222))
	(GEODATA , 0 , (42.0603 , -73.4573))
	(GEODATA , 0 , (42.0603 , -73.5515))
	(GEODATA , 0 , (42.0603 , -73.5044))
	(GEODATA , 0 , (42.0603 , -73.4751))
	(GEODATA , 0 , (42.0603 , -73.5693))
	(GEODATA , 0 , (42.0603 , -73.4835))
	(GEODATA , 0 , (42.0603 , -73.4929))
	(GEODATA , 0 , (42.0603 , -73.5599))
	(GEODATA , 0 , (42.0603 , -73.4657))
	(GEODATA , 0 , (42.0603 , -73.5107))
	(GEODATA , 0 , (42.0603 , -73.5421))
	(GEODATA , 0 , (42.0603 , -73.4479))
	(GEODATA , 0 , (42.0603 , -73.5316))
	(GEODATA , 0 , (42.0603 , -73.5243))
	(GEODATA , 0 , (42.0603 , -73.4552))
	(GEODATA , 0 , (42.0603 , -73.5494))
	(GEODATA , 0 , (42.0603 , -73.5034))
	(GEODATA , 0 , (42.0603 , -73.473))
	(GEODATA , 0 , (42.0603 , -73.5672))
	(GEODATA , 0 , (42.0603 , -73.4856))
	(GEODATA , 0 , (42.0603 , -73.4908))
	(GEODATA , 0 , (42.0603 , -73.562))
	(GEODATA , 0 , (42.0603 , -73.4678))
	(GEODATA , 0 , (42.0603 , -73.5117))
	(HOPDATA , 0 , dtn://v007)
	(GEODATA , 0 , (42.0426 , -73.5615))
	(GEODATA , 0 , (42.0203 , -73.5479))
	(GEODATA , 0 , (42.0527 , -73.5682))
	(GEODATA , 0 , (42.0365 , -73.5576))
	(GEODATA , 0 , (42.0264 , -73.5515))
	(GEODATA , 0 , (42.0588 , -73.5725))
	(GEODATA , 0 , (42.0293 , -73.5532))
	(GEODATA , 0 , (42.0326 , -73.5552))
	(GEODATA , 0 , (42.0556 , -73.5702))
	(GEODATA , 0 , (42.0232 , -73.5496))
	(GEODATA , 0 , (42.0387 , -73.559))
	(GEODATA , 0 , (42.0495 , -73.566))
	(GEODATA , 0 , (42.0171 , -73.5461))
	(GEODATA , 0 , (42.0459 , -73.5636))
	(GEODATA , 0 , (42.0434 , -73.562))
	(GEODATA , 0 , (42.0196 , -73.5475))
	(GEODATA , 0 , (42.052 , -73.5677))
	(GEODATA , 0 , (42.0362 , -73.5574))
	(GEODATA , 0 , (42.0257 , -73.5511))
	(GEODATA , 0 , (42.0581 , -73.572))
	(GEODATA , 0 , (42.03 , -73.5536))
	(GEODATA , 0 , (42.0318 , -73.5547))
	(GEODATA , 0 , (42.0563 , -73.5707))
	(GEODATA , 0 , (42.0239 , -73.55))
	(GEODATA , 0 , (42.039 , -73.5592))
	(GEODATA , 0 , (42.0502 , -73.5665))
	(HOPDATA , 0 , dtn://v008)
	(GEODATA , 0 , (42.0153 , -73.616))
	(GEODATA , 0 , (42.0153 , -73.5582))
	(GEODATA , 0 , (42.0153 , -73.6422))
	(GEODATA , 0 , (42.0153 , -73.6002))
	(GEODATA , 0 , (42.0153 , -73.574))
	(GEODATA , 0 , (42.0153 , -73.658))
	(GEODATA , 0 , (42.0153 , -73.5815))
	(GEODATA , 0 , (42.0153 , -73.5899))
	(GEODATA , 0 , (42.0153 , -73.6496))
	(GEODATA , 0 , (42.0153 , -73.5656))
	(GEODATA , 0 , (42.0153 , -73.6086))
	(GEODATA , 0 , (42.0153 , -73.6337))
	(GEODATA , 0 , (42.0153 , -73.5497))
	(GEODATA , 0 , (42.0153 , -73.6244))
	(GEODATA , 0 , (42.0153 , -73.6179))
	(GEODATA , 0 , (42.0153 , -73.5563))
	(GEODATA , 0 , (42.0153 , -73.6403))
	(GEODATA , 0 , (42.0153 , -73.5992))
	(GEODATA , 0 , (42.0153 , -73.5721))
	(GEODATA , 0 , (42.0153 , -73.6561))
	(GEODATA , 0 , (42.0153 , -73.5833))
	(GEODATA , 0 , (42.0153 , -73.588))
	(GEODATA , 0 , (42.0153 , -73.6515))
	(GEODATA , 0 , (42.0153 , -73.5675))
	(GEODATA , 0 , (42.0153 , -73.6067))
	(GEODATA , 0 , (42.0153 , -73.6356))
	(GEODATA , 0 , (42.0153 , -73.5516))
	(GEODATA , 0 , (42.0153 , -73.6226))
	(HOPDATA , 0 , dtn://v011)
	(GEODATA , 0 , (41.967 , -73.6259))
	(GEODATA , 0 , (41.9886 , -73.6409))
	(GEODATA , 0 , (42.0102 , -73.6576))
	(GEODATA , 0 , (41.9994 , -73.649))
	(GEODATA , 0 , (41.9778 , -73.6332))
	(GEODATA , 0 , (41.9562 , -73.6189))
	(GEODATA , 0 , (41.9346 , -73.606))
	(GEODATA , 0 , (41.9368 , -73.6073))
	(GEODATA , 0 , (41.9584 , -73.6203))
	(GEODATA , 0 , (41.98 , -73.6347))
	(GEODATA , 0 , (42.0016 , -73.6507))
	(GEODATA , 0 , (42.0081 , -73.6558))
	(GEODATA , 0 , (41.9865 , -73.6393))
	(GEODATA , 0 , (41.9649 , -73.6245))
	(GEODATA , 0 , (41.944 , -73.6115))
	(GEODATA , 0 , (41.9281 , -73.6024))
	(GEODATA , 0 , (41.9497 , -73.6149))
	(GEODATA , 0 , (41.9713 , -73.6288))
	(GEODATA , 0 , (41.9922 , -73.6436))
	(GEODATA , 0 , (42.0138 , -73.6605))
	(GEODATA , 0 , (41.9951 , -73.6457))
	(GEODATA , 0 , (41.9735 , -73.6302))
	(GEODATA , 0 , (41.9526 , -73.6167))
	(GEODATA , 0 , (41.931 , -73.604))
	(GEODATA , 0 , (41.9411 , -73.6098))
	(GEODATA , 0 , (41.962 , -73.6226))
	(GEODATA , 0 , (41.9836 , -73.6372))
	(GEODATA , 0 , (42.0052 , -73.6535))
	(GEODATA , 0 , (42.0037 , -73.6524))
	(GEODATA , 0 , (41.9829 , -73.6367))
	(GEODATA , 0 , (41.9613 , -73.6221))
	(GEODATA , 0 , (41.9397 , -73.6089))
